<?xml version="1.0" encoding="UTF-8"?>
<testng-results ignored="0" total="1" passed="1" failed="0" skipped="0">
  <reporter-output>
  </reporter-output>
  <suite started-at="2024-01-08T19:08:51 CST" name="Default suite" finished-at="2024-01-08T19:09:01 CST" duration-ms="9855">
    <groups>
    </groups>
    <test started-at="2024-01-08T19:08:51 CST" name="Default test" finished-at="2024-01-08T19:09:01 CST" duration-ms="9855">
      <class name="com.qa.NavaigateToWebpage.WebpageNavigation">
        <test-method signature="webpageNavigation()[pri:0, instance:com.qa.NavaigateToWebpage.WebpageNavigation@48aca48b]" started-at="2024-01-08T19:08:51 CST" name="webpageNavigation" finished-at="2024-01-08T19:09:01 CST" duration-ms="9792" status="PASS">
          <reporter-output>
          </reporter-output>
        </test-method> <!-- webpageNavigation -->
      </class> <!-- com.qa.NavaigateToWebpage.WebpageNavigation -->
    </test> <!-- Default test -->
  </suite> <!-- Default suite -->
</testng-results>
